<?xml version="1.0" encoding="UTF-8"?>
<!-- Generated by org.testng.reporters.JUnitReportReporter -->
<testsuite skipped="0" hostname="DESKTOP-DSTFD27" name="leaftaps.Lead" tests="1" failures="0" timestamp="24 Jul 2020 04:55:07 GMT" time="32.567" errors="0">
  <testcase name="createLead" time="32.567" classname="leaftaps.Lead"/>
</testsuite> <!-- leaftaps.Lead -->
