<?xml version="1.0" encoding="UTF-8"?>
<!-- Generated by org.testng.reporters.JUnitReportReporter -->
<testsuite skipped="0" hostname="DESKTOP-DSTFD27" name="leaftaps.DuplicateLead" tests="1" failures="0" timestamp="29 Jul 2020 07:03:30 GMT" time="31.930" errors="0">
  <testcase name="duplicateLead" time="31.930" classname="leaftaps.DuplicateLead"/>
</testsuite> <!-- leaftaps.DuplicateLead -->
