<?xml version="1.0" encoding="UTF-8"?>
<!-- Generated by org.testng.reporters.JUnitReportReporter -->
<testsuite skipped="0" hostname="DESKTOP-DSTFD27" name="leaftaps.CrateLead" tests="1" failures="0" timestamp="29 Jul 2020 07:03:30 GMT" time="22.372" errors="0">
  <testcase name="createlead" time="22.372" classname="leaftaps.CrateLead"/>
</testsuite> <!-- leaftaps.CrateLead -->
